[2025-04-29T06:31:47.538Z] info: kubernetes.yaml was copied to the config folder
[2025-04-29T06:31:49.863Z] info: widgets.yaml was copied to the config folder
[2025-04-29T06:31:49.876Z] info: docker.yaml was copied to the config folder
[2025-04-29T06:31:49.879Z] info: bookmarks.yaml was copied to the config folder
[2025-04-29T06:31:49.881Z] info: custom.css was copied to the config folder
[2025-04-29T06:31:49.882Z] info: custom.js was copied to the config folder
[2025-04-29T06:31:50.037Z] error: Failed to load services.yaml, please check for errors
[2025-04-29T06:31:50.037Z] error: TypeError: t[a].forEach is not a function
[2025-04-29T06:31:50.281Z] error: Failed to load services.yaml, please check for errors
[2025-04-29T06:31:50.281Z] error: TypeError: t[r].forEach is not a function
[2025-04-29T06:31:50.800Z] error: Failed to load services.yaml, please check for errors
[2025-04-29T06:31:50.801Z] error: TypeError: t[a].forEach is not a function
[2025-04-29T06:31:55.781Z] error: Failed to load services.yaml, please check for errors
[2025-04-29T06:31:55.781Z] error: TypeError: t[a].forEach is not a function
[2025-04-29T06:32:02.801Z] error: Failed to load services.yaml, please check for errors
[2025-04-29T06:32:02.804Z] error: TypeError: t[a].forEach is not a function
[2025-04-29T07:25:34.998Z] error: undefined
[2025-04-29T07:25:35.010Z] error: TypeError: Invalid URL
    at new URL (node:internal/url:818:25)
    at f (/app/.next/server/pages/index.js:9:96327)
    at Wc (/app/node_modules/.pnpm/react-dom@18.3.1_react@18.3.1/node_modules/react-dom/cjs/react-dom-server.browser.production.min.js:68:44)
    at Zc (/app/node_modules/.pnpm/react-dom@18.3.1_react@18.3.1/node_modules/react-dom/cjs/react-dom-server.browser.production.min.js:70:253)
    at Z (/app/node_modules/.pnpm/react-dom@18.3.1_react@18.3.1/node_modules/react-dom/cjs/react-dom-server.browser.production.min.js:76:89)
    at $c (/app/node_modules/.pnpm/react-dom@18.3.1_react@18.3.1/node_modules/react-dom/cjs/react-dom-server.browser.production.min.js:78:98)
    at bd (/app/node_modules/.pnpm/react-dom@18.3.1_react@18.3.1/node_modules/react-dom/cjs/react-dom-server.browser.production.min.js:77:404)
    at Z (/app/node_modules/.pnpm/react-dom@18.3.1_react@18.3.1/node_modules/react-dom/cjs/react-dom-server.browser.production.min.js:76:217)
    at $c (/app/node_modules/.pnpm/react-dom@18.3.1_react@18.3.1/node_modules/react-dom/cjs/react-dom-server.browser.production.min.js:78:98)
    at Zc (/app/node_modules/.pnpm/react-dom@18.3.1_react@18.3.1/node_modules/react-dom/cjs/react-dom-server.browser.production.min.js:71:145)
[2025-04-29T07:25:35.028Z] error: TypeError: Invalid URL
    at new URL (node:internal/url:818:25)
    at f (/app/.next/server/pages/index.js:9:96327)
    at Wc (/app/node_modules/.pnpm/react-dom@18.3.1_react@18.3.1/node_modules/react-dom/cjs/react-dom-server.browser.production.min.js:68:44)
    at Zc (/app/node_modules/.pnpm/react-dom@18.3.1_react@18.3.1/node_modules/react-dom/cjs/react-dom-server.browser.production.min.js:70:253)
    at Z (/app/node_modules/.pnpm/react-dom@18.3.1_react@18.3.1/node_modules/react-dom/cjs/react-dom-server.browser.production.min.js:76:89)
    at $c (/app/node_modules/.pnpm/react-dom@18.3.1_react@18.3.1/node_modules/react-dom/cjs/react-dom-server.browser.production.min.js:78:98)
    at bd (/app/node_modules/.pnpm/react-dom@18.3.1_react@18.3.1/node_modules/react-dom/cjs/react-dom-server.browser.production.min.js:77:404)
    at Z (/app/node_modules/.pnpm/react-dom@18.3.1_react@18.3.1/node_modules/react-dom/cjs/react-dom-server.browser.production.min.js:76:217)
    at $c (/app/node_modules/.pnpm/react-dom@18.3.1_react@18.3.1/node_modules/react-dom/cjs/react-dom-server.browser.production.min.js:78:98)
    at Zc (/app/node_modules/.pnpm/react-dom@18.3.1_react@18.3.1/node_modules/react-dom/cjs/react-dom-server.browser.production.min.js:71:145)
[2025-04-29T07:26:06.245Z] error: undefined
[2025-04-29T07:26:06.248Z] error: TypeError: Invalid URL
    at new URL (node:internal/url:818:25)
    at f (/app/.next/server/pages/index.js:9:96327)
    at Wc (/app/node_modules/.pnpm/react-dom@18.3.1_react@18.3.1/node_modules/react-dom/cjs/react-dom-server.browser.production.min.js:68:44)
    at Zc (/app/node_modules/.pnpm/react-dom@18.3.1_react@18.3.1/node_modules/react-dom/cjs/react-dom-server.browser.production.min.js:70:253)
    at Z (/app/node_modules/.pnpm/react-dom@18.3.1_react@18.3.1/node_modules/react-dom/cjs/react-dom-server.browser.production.min.js:76:89)
    at $c (/app/node_modules/.pnpm/react-dom@18.3.1_react@18.3.1/node_modules/react-dom/cjs/react-dom-server.browser.production.min.js:78:98)
    at bd (/app/node_modules/.pnpm/react-dom@18.3.1_react@18.3.1/node_modules/react-dom/cjs/react-dom-server.browser.production.min.js:77:404)
    at Z (/app/node_modules/.pnpm/react-dom@18.3.1_react@18.3.1/node_modules/react-dom/cjs/react-dom-server.browser.production.min.js:76:217)
    at $c (/app/node_modules/.pnpm/react-dom@18.3.1_react@18.3.1/node_modules/react-dom/cjs/react-dom-server.browser.production.min.js:78:98)
    at Zc (/app/node_modules/.pnpm/react-dom@18.3.1_react@18.3.1/node_modules/react-dom/cjs/react-dom-server.browser.production.min.js:71:145)
[2025-04-29T07:26:06.259Z] error: undefined
[2025-04-29T07:27:45.333Z] error: undefined
[2025-04-29T07:27:45.336Z] error: TypeError: Invalid URL
    at new URL (node:internal/url:818:25)
    at f (/app/.next/server/pages/index.js:9:96327)
    at Wc (/app/node_modules/.pnpm/react-dom@18.3.1_react@18.3.1/node_modules/react-dom/cjs/react-dom-server.browser.production.min.js:68:44)
    at Zc (/app/node_modules/.pnpm/react-dom@18.3.1_react@18.3.1/node_modules/react-dom/cjs/react-dom-server.browser.production.min.js:70:253)
    at Z (/app/node_modules/.pnpm/react-dom@18.3.1_react@18.3.1/node_modules/react-dom/cjs/react-dom-server.browser.production.min.js:76:89)
    at $c (/app/node_modules/.pnpm/react-dom@18.3.1_react@18.3.1/node_modules/react-dom/cjs/react-dom-server.browser.production.min.js:78:98)
    at bd (/app/node_modules/.pnpm/react-dom@18.3.1_react@18.3.1/node_modules/react-dom/cjs/react-dom-server.browser.production.min.js:77:404)
    at Z (/app/node_modules/.pnpm/react-dom@18.3.1_react@18.3.1/node_modules/react-dom/cjs/react-dom-server.browser.production.min.js:76:217)
    at $c (/app/node_modules/.pnpm/react-dom@18.3.1_react@18.3.1/node_modules/react-dom/cjs/react-dom-server.browser.production.min.js:78:98)
    at Zc (/app/node_modules/.pnpm/react-dom@18.3.1_react@18.3.1/node_modules/react-dom/cjs/react-dom-server.browser.production.min.js:71:145)
[2025-04-29T07:27:45.351Z] error: TypeError: Invalid URL
    at new URL (node:internal/url:818:25)
    at f (/app/.next/server/pages/index.js:9:96327)
    at Wc (/app/node_modules/.pnpm/react-dom@18.3.1_react@18.3.1/node_modules/react-dom/cjs/react-dom-server.browser.production.min.js:68:44)
    at Zc (/app/node_modules/.pnpm/react-dom@18.3.1_react@18.3.1/node_modules/react-dom/cjs/react-dom-server.browser.production.min.js:70:253)
    at Z (/app/node_modules/.pnpm/react-dom@18.3.1_react@18.3.1/node_modules/react-dom/cjs/react-dom-server.browser.production.min.js:76:89)
    at $c (/app/node_modules/.pnpm/react-dom@18.3.1_react@18.3.1/node_modules/react-dom/cjs/react-dom-server.browser.production.min.js:78:98)
    at bd (/app/node_modules/.pnpm/react-dom@18.3.1_react@18.3.1/node_modules/react-dom/cjs/react-dom-server.browser.production.min.js:77:404)
    at Z (/app/node_modules/.pnpm/react-dom@18.3.1_react@18.3.1/node_modules/react-dom/cjs/react-dom-server.browser.production.min.js:76:217)
    at $c (/app/node_modules/.pnpm/react-dom@18.3.1_react@18.3.1/node_modules/react-dom/cjs/react-dom-server.browser.production.min.js:78:98)
    at Zc (/app/node_modules/.pnpm/react-dom@18.3.1_react@18.3.1/node_modules/react-dom/cjs/react-dom-server.browser.production.min.js:71:145)
[2025-04-29T07:28:31.286Z] error: undefined
[2025-04-29T07:28:31.288Z] error: TypeError: Invalid URL
    at new URL (node:internal/url:818:25)
    at f (/app/.next/server/pages/index.js:9:96327)
    at Wc (/app/node_modules/.pnpm/react-dom@18.3.1_react@18.3.1/node_modules/react-dom/cjs/react-dom-server.browser.production.min.js:68:44)
    at Zc (/app/node_modules/.pnpm/react-dom@18.3.1_react@18.3.1/node_modules/react-dom/cjs/react-dom-server.browser.production.min.js:70:253)
    at Z (/app/node_modules/.pnpm/react-dom@18.3.1_react@18.3.1/node_modules/react-dom/cjs/react-dom-server.browser.production.min.js:76:89)
    at $c (/app/node_modules/.pnpm/react-dom@18.3.1_react@18.3.1/node_modules/react-dom/cjs/react-dom-server.browser.production.min.js:78:98)
    at bd (/app/node_modules/.pnpm/react-dom@18.3.1_react@18.3.1/node_modules/react-dom/cjs/react-dom-server.browser.production.min.js:77:404)
    at Z (/app/node_modules/.pnpm/react-dom@18.3.1_react@18.3.1/node_modules/react-dom/cjs/react-dom-server.browser.production.min.js:76:217)
    at $c (/app/node_modules/.pnpm/react-dom@18.3.1_react@18.3.1/node_modules/react-dom/cjs/react-dom-server.browser.production.min.js:78:98)
    at Zc (/app/node_modules/.pnpm/react-dom@18.3.1_react@18.3.1/node_modules/react-dom/cjs/react-dom-server.browser.production.min.js:71:145)
[2025-04-29T07:28:31.291Z] error: undefined
[2025-04-29T07:29:32.532Z] error: undefined
[2025-04-29T07:29:32.543Z] error: TypeError: Invalid URL
    at new URL (node:internal/url:818:25)
    at f (/app/.next/server/pages/index.js:9:96327)
    at Wc (/app/node_modules/.pnpm/react-dom@18.3.1_react@18.3.1/node_modules/react-dom/cjs/react-dom-server.browser.production.min.js:68:44)
    at Zc (/app/node_modules/.pnpm/react-dom@18.3.1_react@18.3.1/node_modules/react-dom/cjs/react-dom-server.browser.production.min.js:70:253)
    at Z (/app/node_modules/.pnpm/react-dom@18.3.1_react@18.3.1/node_modules/react-dom/cjs/react-dom-server.browser.production.min.js:76:89)
    at $c (/app/node_modules/.pnpm/react-dom@18.3.1_react@18.3.1/node_modules/react-dom/cjs/react-dom-server.browser.production.min.js:78:98)
    at bd (/app/node_modules/.pnpm/react-dom@18.3.1_react@18.3.1/node_modules/react-dom/cjs/react-dom-server.browser.production.min.js:77:404)
    at Z (/app/node_modules/.pnpm/react-dom@18.3.1_react@18.3.1/node_modules/react-dom/cjs/react-dom-server.browser.production.min.js:76:217)
    at $c (/app/node_modules/.pnpm/react-dom@18.3.1_react@18.3.1/node_modules/react-dom/cjs/react-dom-server.browser.production.min.js:78:98)
    at Zc (/app/node_modules/.pnpm/react-dom@18.3.1_react@18.3.1/node_modules/react-dom/cjs/react-dom-server.browser.production.min.js:71:145)
[2025-04-29T07:29:32.570Z] error: TypeError: Invalid URL
    at new URL (node:internal/url:818:25)
    at f (/app/.next/server/pages/index.js:9:96327)
    at Wc (/app/node_modules/.pnpm/react-dom@18.3.1_react@18.3.1/node_modules/react-dom/cjs/react-dom-server.browser.production.min.js:68:44)
    at Zc (/app/node_modules/.pnpm/react-dom@18.3.1_react@18.3.1/node_modules/react-dom/cjs/react-dom-server.browser.production.min.js:70:253)
    at Z (/app/node_modules/.pnpm/react-dom@18.3.1_react@18.3.1/node_modules/react-dom/cjs/react-dom-server.browser.production.min.js:76:89)
    at $c (/app/node_modules/.pnpm/react-dom@18.3.1_react@18.3.1/node_modules/react-dom/cjs/react-dom-server.browser.production.min.js:78:98)
    at bd (/app/node_modules/.pnpm/react-dom@18.3.1_react@18.3.1/node_modules/react-dom/cjs/react-dom-server.browser.production.min.js:77:404)
    at Z (/app/node_modules/.pnpm/react-dom@18.3.1_react@18.3.1/node_modules/react-dom/cjs/react-dom-server.browser.production.min.js:76:217)
    at $c (/app/node_modules/.pnpm/react-dom@18.3.1_react@18.3.1/node_modules/react-dom/cjs/react-dom-server.browser.production.min.js:78:98)
    at Zc (/app/node_modules/.pnpm/react-dom@18.3.1_react@18.3.1/node_modules/react-dom/cjs/react-dom-server.browser.production.min.js:71:145)
[2025-04-29T07:29:45.685Z] error: undefined
[2025-04-29T07:29:45.688Z] error: TypeError: Invalid URL
    at new URL (node:internal/url:818:25)
    at f (/app/.next/server/pages/index.js:9:96327)
    at Wc (/app/node_modules/.pnpm/react-dom@18.3.1_react@18.3.1/node_modules/react-dom/cjs/react-dom-server.browser.production.min.js:68:44)
    at Zc (/app/node_modules/.pnpm/react-dom@18.3.1_react@18.3.1/node_modules/react-dom/cjs/react-dom-server.browser.production.min.js:70:253)
    at Z (/app/node_modules/.pnpm/react-dom@18.3.1_react@18.3.1/node_modules/react-dom/cjs/react-dom-server.browser.production.min.js:76:89)
    at $c (/app/node_modules/.pnpm/react-dom@18.3.1_react@18.3.1/node_modules/react-dom/cjs/react-dom-server.browser.production.min.js:78:98)
    at bd (/app/node_modules/.pnpm/react-dom@18.3.1_react@18.3.1/node_modules/react-dom/cjs/react-dom-server.browser.production.min.js:77:404)
    at Z (/app/node_modules/.pnpm/react-dom@18.3.1_react@18.3.1/node_modules/react-dom/cjs/react-dom-server.browser.production.min.js:76:217)
    at $c (/app/node_modules/.pnpm/react-dom@18.3.1_react@18.3.1/node_modules/react-dom/cjs/react-dom-server.browser.production.min.js:78:98)
    at Zc (/app/node_modules/.pnpm/react-dom@18.3.1_react@18.3.1/node_modules/react-dom/cjs/react-dom-server.browser.production.min.js:71:145)
[2025-04-29T07:29:45.698Z] error: undefined
[2025-04-29T07:30:29.950Z] error: undefined
[2025-04-29T07:30:29.953Z] error: TypeError: Invalid URL
    at new URL (node:internal/url:818:25)
    at f (/app/.next/server/pages/index.js:9:96327)
    at Wc (/app/node_modules/.pnpm/react-dom@18.3.1_react@18.3.1/node_modules/react-dom/cjs/react-dom-server.browser.production.min.js:68:44)
    at Zc (/app/node_modules/.pnpm/react-dom@18.3.1_react@18.3.1/node_modules/react-dom/cjs/react-dom-server.browser.production.min.js:70:253)
    at Z (/app/node_modules/.pnpm/react-dom@18.3.1_react@18.3.1/node_modules/react-dom/cjs/react-dom-server.browser.production.min.js:76:89)
    at $c (/app/node_modules/.pnpm/react-dom@18.3.1_react@18.3.1/node_modules/react-dom/cjs/react-dom-server.browser.production.min.js:78:98)
    at bd (/app/node_modules/.pnpm/react-dom@18.3.1_react@18.3.1/node_modules/react-dom/cjs/react-dom-server.browser.production.min.js:77:404)
    at Z (/app/node_modules/.pnpm/react-dom@18.3.1_react@18.3.1/node_modules/react-dom/cjs/react-dom-server.browser.production.min.js:76:217)
    at $c (/app/node_modules/.pnpm/react-dom@18.3.1_react@18.3.1/node_modules/react-dom/cjs/react-dom-server.browser.production.min.js:78:98)
    at Zc (/app/node_modules/.pnpm/react-dom@18.3.1_react@18.3.1/node_modules/react-dom/cjs/react-dom-server.browser.production.min.js:71:145)
[2025-04-29T07:30:29.965Z] error: TypeError: Invalid URL
    at new URL (node:internal/url:818:25)
    at f (/app/.next/server/pages/index.js:9:96327)
    at Wc (/app/node_modules/.pnpm/react-dom@18.3.1_react@18.3.1/node_modules/react-dom/cjs/react-dom-server.browser.production.min.js:68:44)
    at Zc (/app/node_modules/.pnpm/react-dom@18.3.1_react@18.3.1/node_modules/react-dom/cjs/react-dom-server.browser.production.min.js:70:253)
    at Z (/app/node_modules/.pnpm/react-dom@18.3.1_react@18.3.1/node_modules/react-dom/cjs/react-dom-server.browser.production.min.js:76:89)
    at $c (/app/node_modules/.pnpm/react-dom@18.3.1_react@18.3.1/node_modules/react-dom/cjs/react-dom-server.browser.production.min.js:78:98)
    at bd (/app/node_modules/.pnpm/react-dom@18.3.1_react@18.3.1/node_modules/react-dom/cjs/react-dom-server.browser.production.min.js:77:404)
    at Z (/app/node_modules/.pnpm/react-dom@18.3.1_react@18.3.1/node_modules/react-dom/cjs/react-dom-server.browser.production.min.js:76:217)
    at $c (/app/node_modules/.pnpm/react-dom@18.3.1_react@18.3.1/node_modules/react-dom/cjs/react-dom-server.browser.production.min.js:78:98)
    at Zc (/app/node_modules/.pnpm/react-dom@18.3.1_react@18.3.1/node_modules/react-dom/cjs/react-dom-server.browser.production.min.js:71:145)
[2025-04-29T07:30:42.379Z] error: undefined
[2025-04-29T07:30:42.382Z] error: TypeError: Invalid URL
    at new URL (node:internal/url:818:25)
    at f (/app/.next/server/pages/index.js:9:96327)
    at Wc (/app/node_modules/.pnpm/react-dom@18.3.1_react@18.3.1/node_modules/react-dom/cjs/react-dom-server.browser.production.min.js:68:44)
    at Zc (/app/node_modules/.pnpm/react-dom@18.3.1_react@18.3.1/node_modules/react-dom/cjs/react-dom-server.browser.production.min.js:70:253)
    at Z (/app/node_modules/.pnpm/react-dom@18.3.1_react@18.3.1/node_modules/react-dom/cjs/react-dom-server.browser.production.min.js:76:89)
    at $c (/app/node_modules/.pnpm/react-dom@18.3.1_react@18.3.1/node_modules/react-dom/cjs/react-dom-server.browser.production.min.js:78:98)
    at bd (/app/node_modules/.pnpm/react-dom@18.3.1_react@18.3.1/node_modules/react-dom/cjs/react-dom-server.browser.production.min.js:77:404)
    at Z (/app/node_modules/.pnpm/react-dom@18.3.1_react@18.3.1/node_modules/react-dom/cjs/react-dom-server.browser.production.min.js:76:217)
    at $c (/app/node_modules/.pnpm/react-dom@18.3.1_react@18.3.1/node_modules/react-dom/cjs/react-dom-server.browser.production.min.js:78:98)
    at Zc (/app/node_modules/.pnpm/react-dom@18.3.1_react@18.3.1/node_modules/react-dom/cjs/react-dom-server.browser.production.min.js:71:145)
[2025-04-29T07:30:42.398Z] error: undefined
[2025-04-29T07:37:50.111Z] error: undefined
[2025-04-29T07:37:50.123Z] error: TypeError: Invalid URL
    at new URL (node:internal/url:818:25)
    at f (/app/.next/server/pages/index.js:9:96327)
    at Wc (/app/node_modules/.pnpm/react-dom@18.3.1_react@18.3.1/node_modules/react-dom/cjs/react-dom-server.browser.production.min.js:68:44)
    at Zc (/app/node_modules/.pnpm/react-dom@18.3.1_react@18.3.1/node_modules/react-dom/cjs/react-dom-server.browser.production.min.js:70:253)
    at Z (/app/node_modules/.pnpm/react-dom@18.3.1_react@18.3.1/node_modules/react-dom/cjs/react-dom-server.browser.production.min.js:76:89)
    at $c (/app/node_modules/.pnpm/react-dom@18.3.1_react@18.3.1/node_modules/react-dom/cjs/react-dom-server.browser.production.min.js:78:98)
    at bd (/app/node_modules/.pnpm/react-dom@18.3.1_react@18.3.1/node_modules/react-dom/cjs/react-dom-server.browser.production.min.js:77:404)
    at Z (/app/node_modules/.pnpm/react-dom@18.3.1_react@18.3.1/node_modules/react-dom/cjs/react-dom-server.browser.production.min.js:76:217)
    at $c (/app/node_modules/.pnpm/react-dom@18.3.1_react@18.3.1/node_modules/react-dom/cjs/react-dom-server.browser.production.min.js:78:98)
    at Zc (/app/node_modules/.pnpm/react-dom@18.3.1_react@18.3.1/node_modules/react-dom/cjs/react-dom-server.browser.production.min.js:71:145)
[2025-04-29T07:37:50.141Z] error: TypeError: Invalid URL
    at new URL (node:internal/url:818:25)
    at f (/app/.next/server/pages/index.js:9:96327)
    at Wc (/app/node_modules/.pnpm/react-dom@18.3.1_react@18.3.1/node_modules/react-dom/cjs/react-dom-server.browser.production.min.js:68:44)
    at Zc (/app/node_modules/.pnpm/react-dom@18.3.1_react@18.3.1/node_modules/react-dom/cjs/react-dom-server.browser.production.min.js:70:253)
    at Z (/app/node_modules/.pnpm/react-dom@18.3.1_react@18.3.1/node_modules/react-dom/cjs/react-dom-server.browser.production.min.js:76:89)
    at $c (/app/node_modules/.pnpm/react-dom@18.3.1_react@18.3.1/node_modules/react-dom/cjs/react-dom-server.browser.production.min.js:78:98)
    at bd (/app/node_modules/.pnpm/react-dom@18.3.1_react@18.3.1/node_modules/react-dom/cjs/react-dom-server.browser.production.min.js:77:404)
    at Z (/app/node_modules/.pnpm/react-dom@18.3.1_react@18.3.1/node_modules/react-dom/cjs/react-dom-server.browser.production.min.js:76:217)
    at $c (/app/node_modules/.pnpm/react-dom@18.3.1_react@18.3.1/node_modules/react-dom/cjs/react-dom-server.browser.production.min.js:78:98)
    at Zc (/app/node_modules/.pnpm/react-dom@18.3.1_react@18.3.1/node_modules/react-dom/cjs/react-dom-server.browser.production.min.js:71:145)
[2025-04-29T07:37:55.142Z] error: undefined
[2025-04-29T07:37:55.145Z] error: TypeError: Invalid URL
    at new URL (node:internal/url:818:25)
    at f (/app/.next/server/pages/index.js:9:96327)
    at Wc (/app/node_modules/.pnpm/react-dom@18.3.1_react@18.3.1/node_modules/react-dom/cjs/react-dom-server.browser.production.min.js:68:44)
    at Zc (/app/node_modules/.pnpm/react-dom@18.3.1_react@18.3.1/node_modules/react-dom/cjs/react-dom-server.browser.production.min.js:70:253)
    at Z (/app/node_modules/.pnpm/react-dom@18.3.1_react@18.3.1/node_modules/react-dom/cjs/react-dom-server.browser.production.min.js:76:89)
    at $c (/app/node_modules/.pnpm/react-dom@18.3.1_react@18.3.1/node_modules/react-dom/cjs/react-dom-server.browser.production.min.js:78:98)
    at bd (/app/node_modules/.pnpm/react-dom@18.3.1_react@18.3.1/node_modules/react-dom/cjs/react-dom-server.browser.production.min.js:77:404)
    at Z (/app/node_modules/.pnpm/react-dom@18.3.1_react@18.3.1/node_modules/react-dom/cjs/react-dom-server.browser.production.min.js:76:217)
    at $c (/app/node_modules/.pnpm/react-dom@18.3.1_react@18.3.1/node_modules/react-dom/cjs/react-dom-server.browser.production.min.js:78:98)
    at Zc (/app/node_modules/.pnpm/react-dom@18.3.1_react@18.3.1/node_modules/react-dom/cjs/react-dom-server.browser.production.min.js:71:145)
[2025-04-29T07:37:55.157Z] error: undefined
